{
  "RSpec": {
    "coverage": {
      "/Users/Guest/Desktop/squad_two/app/models/user.rb": [
        1,
        null,
        null,
        1,
        null,
        null,
        1,
        1,
        1,
        null,
        null,
        1,
        0,
        0,
        0,
        0,
        0,
        0,
        null,
        null,
        null,
        null,
        1,
        1,
        18,
        18,
        2,
        1,
        1,
        1,
        1,
        1,
        null,
        null,
        null,
        null,
        1,
        18,
        18,
        null,
        null
      ],
      "/Users/Guest/Desktop/squad_two/app/helpers/application_helper.rb": [
        1,
        null,
        null,
        1,
        26,
        null,
        null,
        null,
        1,
        4,
        4,
        4,
        70,
        null,
        4,
        null,
        null,
        null,
        1,
        2,
        2,
        2,
        2,
        20,
        3,
        null,
        20,
        null,
        2,
        2,
        null,
        null,
        null,
        1,
        7,
        7,
        7,
        7,
        7,
        8,
        3,
        null,
        2,
        null,
        3,
        null,
        null,
        null,
        7,
        null,
        null,
        null,
        null,
        1,
        2,
        2,
        2,
        2,
        null,
        2,
        2,
        2,
        null,
        2,
        2,
        2,
        2,
        null,
        null,
        null,
        2,
        2,
        2,
        2,
        2,
        10,
        4,
        null,
        null,
        null,
        null,
        2,
        null,
        2,
        2,
        null,
        2,
        2,
        null,
        null,
        null,
        1,
        null,
        null,
        null
      ],
      "/Users/Guest/Desktop/squad_two/app/models/issue.rb": [
        1,
        1,
        null
      ],
      "/Users/Guest/Desktop/squad_two/app/models/pending_invite.rb": [
        1,
        1,
        null
      ],
      "/Users/Guest/Desktop/squad_two/app/models/profile.rb": [
        1,
        1,
        1,
        null,
        null
      ],
      "/Users/Guest/Desktop/squad_two/app/models/project.rb": [
        1,
        1,
        1,
        1,
        1,
        null
      ],
      "/Users/Guest/Desktop/squad_two/app/controllers/about_controller.rb": [
        1,
        1,
        null,
        null,
        null
      ],
      "/Users/Guest/Desktop/squad_two/app/controllers/application_controller.rb": [
        1,
        null,
        null,
        1,
        1,
        null,
        1,
        null,
        1,
        24,
        16,
        16,
        null,
        null
      ],
      "/Users/Guest/Desktop/squad_two/app/controllers/frontend_controller.rb": [
        1,
        1,
        null,
        null,
        null
      ],
      "/Users/Guest/Desktop/squad_two/app/controllers/projects_controller.rb": [
        1,
        1,
        5,
        5,
        5,
        null,
        null,
        null,
        1,
        6,
        6,
        6,
        null,
        null,
        1,
        6,
        null,
        null,
        1,
        5,
        5,
        5,
        5,
        5,
        5,
        null,
        null,
        null,
        null,
        null,
        1,
        1,
        5,
        null,
        null
      ],
      "/Users/Guest/Desktop/squad_two/app/controllers/admin_controller.rb": [
        1,
        null,
        1,
        4,
        4,
        4,
        null,
        null,
        1,
        4,
        4,
        4,
        4,
        4,
        4,
        4,
        4,
        0,
        0,
        null,
        null,
        null,
        4,
        4,
        4,
        null,
        4,
        4,
        4,
        4,
        null,
        4,
        null,
        4,
        null,
        0,
        null,
        null,
        0,
        null,
        null,
        0,
        null,
        4,
        null,
        null,
        null
      ],
      "/Users/Guest/Desktop/squad_two/app/controllers/issues_controller.rb": [
        1,
        1,
        1,
        1,
        1,
        1,
        null,
        1,
        null,
        null,
        1,
        0,
        0,
        null,
        null,
        1,
        1,
        1,
        1,
        11,
        1,
        null,
        1,
        null,
        null,
        1,
        1,
        1,
        1,
        1,
        1,
        1,
        1,
        null,
        0,
        null,
        null,
        null,
        1,
        1,
        1,
        null,
        null
      ]
    },
    "timestamp": 1460504325
  }
}
